<?xml version="1.0" encoding="UTF-8" ?>
<testsuites>
  <testsuite errors="0" failures="0" hostname="LIARA-9" id="0" name="WebSocketTest" package="ca.uqac.liara" skipped="0" tests="1" time="0.187" timestamp="2016-11-02T14:43:12">
      <properties>
[...]
</properties>

      <testcase classname="ca.uqac.liara.WebSocketTest" name="testRead1" time="0.144" />

      <system-out><![CDATA[Server open
Client open
1
1
1
1
1
1
1
1
1
1
1
1
1
1
1
1
1
1
1
1
1
1
1
1
1
1
1
1
1
1
1
1
1
1
1
1
1
1
1
1
1
1
1
1
1
1
1
1
1
1
1
1
1
1
1
1
1
1
1
1
1
1
1
1
1
1
1
1
1
1
1
1
1
1
1
1
1
1
1
1
1
1
Client closed
Server close
]]></system-out>

      <system-err><![CDATA[Exception in thread "Thread-9" Server error
java.nio.channels.ClosedByInterruptException
	at java.nio.channels.spi.AbstractInterruptibleChannel.end(AbstractInterruptibleChannel.java:202)
	at sun.nio.ch.SocketChannelImpl.write(SocketChannelImpl.java:478)
	at org.java_websocket.SocketChannelIOHelper.batch(SocketChannelIOHelper.java:52)
	at org.java_websocket.server.WebSocketServer.run(WebSocketServer.java:349)
	at java.lang.Thread.run(Thread.java:745)
org.java_websocket.exceptions.WebsocketNotConnectedException
	at org.java_websocket.WebSocketImpl.send(WebSocketImpl.java:566)
	at org.java_websocket.WebSocketImpl.send(WebSocketImpl.java:543)
	at ca.uqac.liara.Server.sendToAll(Unknown Source)
	at ca.uqac.liara.WebSocketWriter.compute(Unknown Source)
	at ca.uqac.liara.WebSocketWriter.run(Unknown Source)
	at java.lang.Thread.run(Thread.java:745)
]]></system-err>

  </testsuite>
</testsuites>
