<?xml version="1.0" encoding="UTF-8" ?>
<testsuite errors="0" failures="0" hostname="LIARA-9" name="ca.uqac.liara.WebSocketTest" skipped="0" tests="1" time="0.188" timestamp="2016-10-12T20:47:14">
  <properties>
[...]
</properties>
  <testcase classname="ca.uqac.liara.WebSocketTest" name="testRead1" time="0.143" />
  <system-out><![CDATA[open
error
close
]]></system-out>
  <system-err><![CDATA[Exception in thread "Thread-9" org.java_websocket.exceptions.WebsocketNotConnectedException
	at org.java_websocket.WebSocketImpl.send(WebSocketImpl.java:566)
	at org.java_websocket.WebSocketImpl.send(WebSocketImpl.java:543)
	at ca.uqac.liara.Server.sendToAll(Unknown Source)
	at ca.uqac.liara.WebSocketWriter.compute(Unknown Source)
	at ca.uqac.liara.WebSocketWriter.run(Unknown Source)
	at java.lang.Thread.run(Thread.java:745)
]]></system-err>
</testsuite>
